#
# A fatal error has been detected by the Java Runtime Environment:
#
#  EXCEPTION_ILLEGAL_INSTRUCTION (0xc000001d) at pc=0x0000024c5fc9fd89, pid=7952, tid=6624
#
# JRE version: Java(TM) SE Runtime Environment (17.0.3.1+2) (build 17.0.3.1+2-LTS-6)
# Java VM: Java HotSpot(TM) 64-Bit Server VM (17.0.3.1+2-LTS-6, mixed mode, sharing, tiered, compressed oops, compressed class ptrs, g1 gc, windows-amd64)
# Problematic frame:
# J 996 c2 java.util.HashMap.resize()[Ljava/util/HashMap$Node; java.base@17.0.3.1 (356 bytes) @ 0x0000024c5fc9fd89 [0x0000024c5fc9fce0+0x00000000000000a9]
#
# No core dump will be written. Minidumps are not enabled by default on client versions of Windows
#
# If you would like to submit a bug report, please visit:
#   https://bugreport.java.com/bugreport/crash.jsp
#

---------------  S U M M A R Y ------------

Command Line: -Dmaven.multiModuleProjectDirectory=D:\Training\epma\cycle-swap -Dmaven.home=C:\Program Files\JetBrains\IntelliJ IDEA Community Edition 2022.1.3\plugins\maven\lib\maven3 -Dclassworlds.conf=C:\Program Files\JetBrains\IntelliJ IDEA Community Edition 2022.1.3\plugins\maven\lib\maven3\bin\m2.conf -Dmaven.ext.class.path=C:\Program Files\JetBrains\IntelliJ IDEA Community Edition 2022.1.3\plugins\maven\lib\maven-event-listener.jar -javaagent:C:\Program Files\JetBrains\IntelliJ IDEA Community Edition 2022.1.3\lib\idea_rt.jar=54832:C:\Program Files\JetBrains\IntelliJ IDEA Community Edition 2022.1.3\bin -Dfile.encoding=UTF-8 org.codehaus.classworlds.Launcher -Didea.version=2022.1.3 test

Host: Intel(R) Core(TM) i5-3470T CPU @ 2.90GHz, 4 cores, 7G,  Windows 10 , 64 bit Build 19041 (10.0.19041.1741)
Time: Wed Jun 29 11:08:22 2022  Windows 10 , 64 bit Build 19041 (10.0.19041.1741) elapsed time: 2.272203 seconds (0d 0h 0m 2s)

---------------  T H R E A D  ---------------

Current thread (0x0000024c4f12e6c0):  JavaThread "main" [_thread_in_Java, id=6624, stack(0x000000f5fa200000,0x000000f5fa300000)]

Stack: [0x000000f5fa200000,0x000000f5fa300000],  sp=0x000000f5fa2fdf30,  free space=1015k
Native frames: (J=compiled Java code, j=interpreted, Vv=VM code, C=native code)
C  0x0000024c5fc9fd89


siginfo: EXCEPTION_ILLEGAL_INSTRUCTION (0xc000001d)


Register to memory mapping:

RIP=0x0000024c5fc9fd89 is at entry_point+169 in (nmethod*)0x0000024c5fc9fb10
RAX=0x000000003e8cdc41 is an unknown value
RBX=0x0000000000000010 is an unknown value
RCX=0x0000000089300280 is an oop: [B 
{0x0000000089300280} - klass: {type array byte}
 - length: 10
RDX=0x00000000894ff830 is an oop: java.util.HashMap 
{0x00000000894ff830} - klass: 'java/util/HashMap'
 - ---- fields (total size 6 words):
 - transient 'keySet' 'Ljava/util/Set;' @12  NULL (0)
 - transient 'values' 'Ljava/util/Collection;' @16  NULL (0)
 - transient 'size' 'I' @20  0
 - transient 'modCount' 'I' @24  0
 - 'threshold' 'I' @28  0
 - final 'loadFactor' 'F' @32  0.750000 (3f400000)
 - transient 'table' '[Ljava/util/HashMap$Node;' @36  NULL (0)
 - transient 'entrySet' 'Ljava/util/Set;' @40  NULL (0)
RSP=0x000000f5fa2fdf30 is pointing into the stack for thread: 0x0000024c4f12e6c0
RBP=59760 is a compressed pointer to class: 0x000000080000e970
java.lang.String {0x000000080000e978}
 - instance size:     3
 - klass size:        83
 - access:            public final synchronized 
 - state:             fully_initialized
 - name:              'java/lang/String'
 - super:             'java/lang/Object'
 - sub:               
 - arrays:            'java/lang/String'[]
 - methods:           Array<T>(0x0000000800b2b0f8)
 - method ordering:   Array<T>(0x0000000800b2ae40)
 - default_methods:   Array<T>(0x0000000000000000)
 - local interfaces:  Array<T>(0x0000000800b2b0c8)
 - trans. interfaces: Array<T>(0x0000000800b2b0c8)
 - constants:         constant pool [1396]/operands[28] {0x0000000800b27e90} for 'java/lang/String' cache=0x0000000800426d80
 - class loader data:  loader data: 0x0000024c4f02ed10 of 'bootstrap'
 - source file:       'String.java'
 - class annotations:       Array<T>(0x0000000000000000)
 - class type annotations:  Array<T>(0x0000000000000000)
 - field annotations:       Array<T>(0x0000000800b32930)
 - field type annotations:  Array<T>(0x0000000000000000)
 - generic signature: 'Ljava/lang/Object;Ljava/io/Serializable;Ljava/lang/Comparable<Ljava/lang/String;>;Ljava/lang/CharSequence;Ljava/lang/constant/Constable;Ljava/lang/constant/ConstantDesc;'
 - inner classes:     Array<T>(0x0000000800b328d0)
 - nest members:     Array<T>(0x0000000800b27e30)
 - permitted subclasses:     Array<T>(0x00000008005cf790)
 - java mirror:       a 'java/lang/Class'{0x0000000088c47120} = 'java/lang/String'
 - vtable length      5  (start addr: 0x000000080000eb38)
 - itable length      20 (start addr: 0x000000080000eb60)
 - ---- static fields (3 words):
 - private static final 'serialVersionUID' 'J' @120 
 - static final 'COMPACT_STRINGS' 'Z' @130 
 - private static final 'serialPersistentFields' '[Ljava/io/ObjectStreamField;' @112 
 - private static final 'REPL' 'C' @128 
 - public static final 'CASE_INSENSITIVE_ORDER' 'Ljava/util/Comparator;' @116 
 - static final 'LATIN1' 'B' @131 
 - static final 'UTF16' 'B' @132 
 - ---- non-static fields (3 words):
 - private 'hash' 'I' @12 
 - private final 'coder' 'B' @16 
 - private 'hashIsZero' 'Z' @17 
 - private final synchronized 'value' '[B' @20 
 - non-static oop maps: 20-20 
RSI=0x0 is NULL
RDI=0x000000000000000a is an unknown value
R8 =0x000000003e8ce2cd is an unknown value
R9 =0x0000000000000073 is an unknown value
R10=0x0 is NULL
R11=0x000000000000000c is an unknown value
R12=0x0 is NULL
R13=0x0 is NULL
R14=0x0 is NULL
R15=0x0000024c4f12e6c0 is a thread


Registers:
RAX=0x000000003e8cdc41, RBX=0x0000000000000010, RCX=0x0000000089300280, RDX=0x00000000894ff830
RSP=0x000000f5fa2fdf30, RBP=0x000000000000e970, RSI=0x0000000000000000, RDI=0x000000000000000a
R8 =0x000000003e8ce2cd, R9 =0x0000000000000073, R10=0x0000000000000000, R11=0x000000000000000c
R12=0x0000000000000000, R13=0x0000000000000000, R14=0x0000000000000000, R15=0x0000024c4f12e6c0
RIP=0x0000024c5fc9fd89, EFLAGS=0x0000000000010283

Top of Stack: (sp=0x000000f5fa2fdf30)
0x000000f5fa2fdf30:   000000f500000000 000000f5fa2fe040
0x000000f5fa2fdf40:   000000f5fa2fdff0 000000f5fa2fdff0
0x000000f5fa2fdf50:   0000024c5819e226 0000024c58188e10
0x000000f5fa2fdf60:   000000f500000000 00000000894ff830
0x000000f5fa2fdf70:   000000f5fa2fdff0 0000000089312b90
0x000000f5fa2fdf80:   0000024c4f12e6c0 000000f5fa2fe070
0x000000f5fa2fdf90:   0000024c6f271930 0000000000000000
0x000000f5fa2fdfa0:   000000f5fa2fe070 000000000000001a
0x000000f5fa2fdfb0:   000000000000e970 0000024c5fc9d774
0x000000f5fa2fdfc0:   0000024c6f2719d0 00000000000000b5
0x000000f5fa2fdfd0:   0000024c4f12eba0 0000000000000170
0x000000f5fa2fdfe0:   0000024c58199422 0000000089312b90
0x000000f5fa2fdff0:   00000000893082c0 000000f5fa2fdff8
0x000000f5fa2fe000:   00000000894ff830 000000f53e8ce2cd
0x000000f5fa2fe010:   0000024c6f2721a0 00000000893082c0
0x000000f5fa2fe020:   0000000089308180 0000024c6f2719d0 

Instructions: (pc=0x0000024c5fc9fd89)
0x0000024c5fc9fc89:   64 18 64 1c 64 18 64 48 64 24 64 10 64 01 f8 4c
0x0000024c5fc9fc99:   09 05 80 11 64 17 00 00 64 0f 64 00 00 00 00 00
0x0000024c5fc9fca9:   00 00 00 00 00 00 00 00 00 00 00 00 00 00 00 00
0x0000024c5fc9fcb9:   00 00 00 00 00 00 00 00 00 80 4e f4 f4 f4 f4 f4
0x0000024c5fc9fcc9:   f4 f4 f4 f4 f4 f4 f4 f4 f4 f4 f4 f4 f4 f4 f4 f4
0x0000024c5fc9fcd9:   f4 f4 f4 f4 f4 f4 f4 44 8b 52 08 49 bb 00 00 00
0x0000024c5fc9fce9:   00 08 00 00 00 4d 03 d3 49 3b c2 0f 85 86 cd 52
0x0000024c5fc9fcf9:   f8 66 90 0f 1f 40 00 89 84 24 00 90 ff ff 55 48
0x0000024c5fc9fd09:   81 ec 80 00 00 00 48 89 54 24 38 8b 5a 1c 44 8b
0x0000024c5fc9fd19:   5a 24 45 85 db 74 09 41 8b 73 0c 4d 8b eb eb 05
0x0000024c5fc9fd29:   33 f6 45 33 ed 85 f6 7e 2f 81 fe 00 00 00 40 0f
0x0000024c5fc9fd39:   8d 6a 0a 00 00 8b ee d1 e5 81 fd 00 00 00 40 0f
0x0000024c5fc9fd49:   8d 76 0a 00 00 83 fe 10 0f 8c f9 07 00 00 44 8b
0x0000024c5fc9fd59:   db 41 d1 e3 8b dd eb 13 85 db 0f 8f a3 05 00 00
0x0000024c5fc9fd69:   41 bb 0c 00 00 00 bb 10 00 00 00 45 85 db 0f 84
0x0000024c5fc9fd79:   46 05 00 00 81 fb 00 00 04 00 0f 87 4f 09 00 00
0x0000024c5fc9fd89:   48 62 cb 44 89 5a 1c 81 fb 00 00 04 00 0f 87 24
0x0000024c5fc9fd99:   08 00 00 4d 8b 87 08 01 00 00 48 c1 e1 02 48 83
0x0000024c5fc9fda9:   c1 17 4c 8b d1 49 83 e2 f8 4d 8b d8 4d 03 da 4d
0x0000024c5fc9fdb9:   3b 9f 18 01 00 00 0f 83 fb 07 00 00 4d 89 9f 08
0x0000024c5fc9fdc9:   01 00 00 41 0f 18 83 c0 00 00 00 49 c7 00 01 00
0x0000024c5fc9fdd9:   00 00 41 0f 18 83 00 01 00 00 41 c7 40 08 58 d1
0x0000024c5fc9fde9:   14 00 41 89 58 0c 41 0f 18 83 40 01 00 00 49 8b
0x0000024c5fc9fdf9:   f8 48 83 c7 10 41 0f 18 83 80 01 00 00 48 c1 e9
0x0000024c5fc9fe09:   03 48 83 c1 fe 48 33 c0 48 83 f9 08 7f 10 48 ff
0x0000024c5fc9fe19:   c9 78 4f 48 89 04 cf 48 ff c9 7d f7 eb 44 c5 fd
0x0000024c5fc9fe29:   57 c0 e9 0d 00 00 00 c5 fe 7f 07 c5 fe 7f 47 20
0x0000024c5fc9fe39:   48 83 c7 40 48 83 e9 08 7d ed 48 83 c1 04 7c 0c
0x0000024c5fc9fe49:   c5 fe 7f 07 48 83 c7 20 48 83 e9 04 48 83 c1 04
0x0000024c5fc9fe59:   7e 10 48 ff c9 c5 f9 d6 07 48 83 c7 08 48 ff c9
0x0000024c5fc9fe69:   7d f3 4c 89 44 24 48 41 80 7f 38 00 0f 85 57 06
0x0000024c5fc9fe79:   00 00 4c 8b 54 24 38 4c 8b 5c 24 48 4d 33 da 4c 


Stack slot to memory mapping:
stack at sp + 0 slots: 0x000000f500000000 is an unknown value
stack at sp + 1 slots: 0x000000f5fa2fe040 is pointing into the stack for thread: 0x0000024c4f12e6c0
stack at sp + 2 slots: 0x000000f5fa2fdff0 is pointing into the stack for thread: 0x0000024c4f12e6c0
stack at sp + 3 slots: 0x000000f5fa2fdff0 is pointing into the stack for thread: 0x0000024c4f12e6c0
stack at sp + 4 slots: 0x0000024c5819e226 is at code_begin+102 in an Interpreter codelet
fast_aldc  230 fast_aldc  [0x0000024c5819e1c0, 0x0000024c5819e320]  352 bytes
stack at sp + 5 slots: 0x0000024c58188e10 is at code_begin+-112 in 
[CodeBlob (0x0000024c58188e10)]
Framesize: 0
BufferBlob (0x0000024c58188e10) used for Interpreter
stack at sp + 6 slots: 0x000000f500000000 is an unknown value
stack at sp + 7 slots: 0x00000000894ff830 is an oop: java.util.HashMap 
{0x00000000894ff830} - klass: 'java/util/HashMap'
 - ---- fields (total size 6 words):
 - transient 'keySet' 'Ljava/util/Set;' @12  NULL (0)
 - transient 'values' 'Ljava/util/Collection;' @16  NULL (0)
 - transient 'size' 'I' @20  0
 - transient 'modCount' 'I' @24  0
 - 'threshold' 'I' @28  0
 - final 'loadFactor' 'F' @32  0.750000 (3f400000)
 - transient 'table' '[Ljava/util/HashMap$Node;' @36  NULL (0)
 - transient 'entrySet' 'Ljava/util/Set;' @40  NULL (0)

--------------------------------------------------------------------------------

[Constant Pool]
             Address          hex4                    hex8      
  0x0000024c5fc9fcc0:   0x4e800000      0xf4f4f4f44e800000      
  0x0000024c5fc9fcc4:   0xf4f4f4f4                              
  0x0000024c5fc9fcc8:   0xf4f4f4f4      0xf4f4f4f4f4f4f4f4      
  0x0000024c5fc9fccc:   0xf4f4f4f4                              
  0x0000024c5fc9fcd0:   0xf4f4f4f4      0xf4f4f4f4f4f4f4f4      
  0x0000024c5fc9fcd4:   0xf4f4f4f4                              
  0x0000024c5fc9fcd8:   0xf4f4f4f4      0xf4f4f4f4f4f4f4f4      
  0x0000024c5fc9fcdc:   0xf4f4f4f4                              

--------------------------------------------------------------------------------

[MachCode]
  0x0000024c5fc9fce0: 448b 5208 | 49bb 0000 | 0000 0800 | 0000 4d03 | d349 3bc2 | 0f85 86cd | 52f8 6690 | 0f1f 4000 
  0x0000024c5fc9fd00: 8984 2400 | 90ff ff55 | 4881 ec80 | 0000 0048 | 8954 2438 | 8b5a 1c44 | 8b5a 2445 | 85db 7409 
  0x0000024c5fc9fd20: 418b 730c | 4d8b ebeb | 0533 f645 | 33ed 85f6 | 7e2f 81fe | 0000 0040 | 0f8d 6a0a | 0000 8bee 
  0x0000024c5fc9fd40: d1e5 81fd | 0000 0040 | 0f8d 760a | 0000 83fe | 100f 8cf9 | 0700 0044 | 8bdb 41d1 | e38b ddeb 
  0x0000024c5fc9fd60: 1385 db0f | 8fa3 0500 | 0041 bb0c | 0000 00bb | 1000 0000 | 4585 db0f | 8446 0500 | 0081 fb00 
  0x0000024c5fc9fd80: 0004 000f | 874f 0900 | 0048 62cb | 4489 5a1c | 81fb 0000 | 0400 0f87 | 2408 0000 | 4d8b 8708 
  0x0000024c5fc9fda0: 0100 0048 | c1e1 0248 | 83c1 174c | 8bd1 4983 | e2f8 4d8b | d84d 03da | 4d3b 9f18 | 0100 000f 
  0x0000024c5fc9fdc0: 83fb 0700 | 004d 899f | 0801 0000 | 410f 1883 | c000 0000 | 49c7 0001 | 0000 0041 | 0f18 8300 
  0x0000024c5fc9fde0: 0100 0041 | c740 0858 | d114 0041 | 8958 0c41 | 0f18 8340 | 0100 0049 | 8bf8 4883 | c710 410f 
  0x0000024c5fc9fe00: 1883 8001 | 0000 48c1 | e903 4883 | c1fe 4833 | c048 83f9 | 087f 1048 | ffc9 784f | 4889 04cf 
  0x0000024c5fc9fe20: 48ff c97d | f7eb 44c5 | fd57 c0e9 | 0d00 0000 | c5fe 7f07 | c5fe 7f47 | 2048 83c7 | 4048 83e9 
  0x0000024c5fc9fe40: 087d ed48 | 83c1 047c | 0cc5 fe7f | 0748 83c7 | 2048 83e9 | 0448 83c1 | 047e 1048 | ffc9 c5f9 
  0x0000024c5fc9fe60: d607 4883 | c708 48ff | c97d f34c | 8944 2448 | 4180 7f38 | 000f 8557 | 0600 004c | 8b54 2438 
  0x0000024c5fc9fe80: 4c8b 5c24 | 484d 33da | 4c8b 4424 | 484d 8bc8 | 4c8b 4424 | 3845 8948 | 2449 c1eb | 144d 85db 
  0x0000024c5fc9fea0: 741a 49c1 | ea09 48b9 | 0030 7b67 | 4c02 0000 | 4903 ca80 | 3904 0f85 | 4e06 0000 | 4d85 ed74 
  0x0000024c5fc9fec0: 3e85 f67e | 3a45 8b55 | 0c89 5c24 | 4045 85d2 | 0f86 a208 | 0000 448b | de41 ffcb | 453b da0f 
  0x0000024c5fc9fee0: 8393 0800 | 0085 db0f | 8ea3 0800 | 0044 8bdb | 41ff cb44 | 895c 2444 | 4c63 f633 | ffeb 4048 
  0x0000024c5fc9ff00: 8b44 2448 | 4881 c480 | 0000 005d | 493b a740 | 0300 000f | 873f 0900 | 00c3 498b | d749 bad0 
  0x0000024c5fc9ff20: e9d7 a2f9 | 7f00 0041 | ffd2 4c8b | 7424 684d | 8b97 4803 | 0000 ffc7 | 4185 023b | fe7d c048 
  0x0000024c5fc9ff40: 63df 488b | eb48 c1e5 | 0245 8b54 | 2d10 4585 | d274 dc41 | 807f 3800 | 0f85 b603 | 0000 4c89 
  0x0000024c5fc9ff60: 7424 6848 | 895c 2430 | 4589 642d | 1041 8b5a | 1845 8b4a | 0c4d 8bf2 | 85db 743d | 458b 4208 
  0x0000024c5fc9ff80: 4181 f8a8 | cc14 000f | 84a1 0600 | 0044 8954 | 2428 4c89 | 6c24 2044 | 8bef 33ff | 4533 d245 
  0x0000024c5fc9ffa0: 33db 4533 | c04c 8954 | 2460 4c89 | 5c24 584c | 8944 2450 | e959 0200 | 0044 8b5c | 2444 4523 
  0x0000024c5fc9ffc0: d94c 8b44 | 2448 4b8d | 5c98 1041 | 807f 3800 | 0f85 7403 | 0000 4489 | 134d 8bd6 | 4c8b db4d 
  0x0000024c5fc9ffe0: 33d3 49c1 | ea14 4d85 | d20f 843b | ffff ff49 | c1eb 0948 | b900 307b | 674c 0200 | 0049 03cb 
  0x0000024c5fca0000: 8039 040f | 8421 ffff | ff4d 8b57 | 404d 8b5f | 50f0 8344 | 24c0 0080 | 3900 0f84 | 0aff ffff 
  0x0000024c5fca0020: 4488 214d | 85d2 0f84 | eefe ffff | 4b89 4c13 | f849 83c2 | f84d 8957 | 40e9 ecfe | ffff 4c8b 
  0x0000024c5fca0040: 5424 604d | 85d2 747a | 4180 7f38 | 000f 853a | 0500 004c | 8b54 2460 | 448b 5c24 | 2845 895a 
  0x0000024c5fca0060: 184d 8bde | 4d33 da49 | c1eb 144d | 85db 7457 | 49c1 ea09 | 48b9 0030 | 7b67 4c02 | 0000 4903 
  0x0000024c5fca0080: ca80 3904 | 7441 4d8b | 5750 4d8b | 5f40 f083 | 4424 c000 | 8039 0074 | 2e44 8821 | 4d85 db75 
  0x0000024c5fca00a0: 1249 8bd7 | 49ba d0e9 | d7a2 f97f | 0000 41ff | d2eb 144b | 894c 1af8 | 4983 c3f8 | 4d89 5f40 
  0x0000024c5fca00c0: eb05 4c89 | 7424 504c | 8974 2460 | 4c8b f74d | 8b97 4803 | 0000 4185 | 0285 db0f | 8516 0100 
  0x0000024c5fca00e0: 004d 85f6 | 0f84 d101 | 0000 4180 | 7f38 000f | 8587 0200 | 0045 8966 | 1841 8bfd | 3b7c 2440 
  0x0000024c5fca0100: 0f83 7d05 | 0000 4c8b | 5424 4849 | 8d5c 2a10 | 4180 7f38 | 000f 8594 | 0200 004c | 8b44 2458 
  0x0000024c5fca0120: 4d8b d84d | 8bd0 4489 | 134c 8bd3 | 4d33 da49 | c1eb 144d | 85db 741f | 4d85 c074 | 1a49 c1ea 
  0x0000024c5fca0140: 0948 b900 | 307b 674c | 0200 0049 | 03ca 8039 | 040f 858a | 0200 004c | 8b44 2460 | 4d85 c075 
  0x0000024c5fca0160: 0f4c 8b6c | 2420 4c8b | 7424 68e9 | bffd ffff | 4180 7f38 | 000f 85ac | 0200 0045 | 8960 188b 
  0x0000024c5fca0180: ef03 ee3b | 6c24 400f | 8323 0500 | 004c 8b54 | 2468 4c03 | 5424 304c | 8b5c 2448 | 4b8d 5c93 
  0x0000024c5fca01a0: 1041 807f | 3800 0f85 | ae02 0000 | 4c8b 4424 | 504d 8bd8 | 4d8b d044 | 8913 4c8b | d34d 33da 
  0x0000024c5fca01c0: 49c1 eb14 | 4d85 db74 | 1f4d 85c0 | 741a 49c1 | ea09 48b9 | 0030 7b67 | 4c02 0000 | 4903 ca80 
  0x0000024c5fca01e0: 3904 0f85 | a402 0000 | 4c8b 6c24 | 204c 8b74 | 2468 e938 | fdff ff44 | 8b4b 0c44 | 8b53 184c 
  0x0000024c5fca0200: 8bdb 498b | db89 5c24 | 2849 8bfe | 418b da4d | 8bf3 4423 | ce45 85c9 | 0f85 20fe | ffff 4885 
  0x0000024c5fca0220: ff0f 848a | 0000 0041 | 807f 3800 | 0f85 2803 | 0000 448b | 5424 2844 | 8957 184d | 8bd6 4c8b 
  0x0000024c5fca0240: df4d 33d3 | 49c1 ea14 | 4d85 d20f | 847e feff | ff49 c1eb | 0948 b900 | 307b 674c | 0200 0049 
  0x0000024c5fca0260: 03cb 8039 | 040f 8464 | feff ff4d | 8b57 504d | 8b5f 40f0 | 8344 24c0 | 0080 3900 | 0f84 4dfe 
  0x0000024c5fca0280: ffff 4488 | 214d 85db | 7515 498b | d749 bad0 | e9d7 a2f9 | 7f00 0041 | ffd2 e930 | feff ff4b 
  0x0000024c5fca02a0: 894c 1af8 | 4983 c3f8 | 4d89 5f40 | e91e feff | ff4c 8974 | 2458 e914 | feff ff41 | 8bfd e994 
  0x0000024c5fca02c0: feff ffc5 | fa2a c3c5 | fa59 5220 | 81fb 0000 | 0040 0f8d | 4c05 0000 | c5fa 100d | e0f9 ffff 
  0x0000024c5fca02e0: c5f8 2eca | 0f86 f204 | 0000 c57a | 2cda 4181 | fb00 0000 | 8075 1048 | 83ec 08c5 | fa11 1424 
  0x0000024c5fca0300: e8ee 0d4e | f841 5be9 | 71fa ffff | 4533 dbe9 | 60fa ffff | 4d8b 5f20 | 498b ca4d | 85db 0f84 
  0x0000024c5fca0320: d502 0000 | 488b d349 | 8b5f 304a | 894c 1bf8 | 4983 c3f8 | 4d89 5f20 | 488b da4c | 8974 2468 
  0x0000024c5fca0340: 4889 5c24 | 30e9 1efc | ffff 448b | 1b45 85db | 0f84 80fc | ffff 4d8b | 4720 498b | cb4d 85c0 
  0x0000024c5fca0360: 0f84 ea02 | 0000 4d8b | 5f30 4b89 | 4c03 f849 | 83c0 f84d | 8947 20e9 | 5afc ffff | 458b 5618 
  0x0000024c5fca0380: 4585 d20f | 846c fdff | ff4d 8b5f | 2049 8bca | 4d85 db0f | 8447 0300 | 004d 8b57 | 304b 894c 
  0x0000024c5fca03a0: 1af8 4983 | c3f8 4d89 | 5f20 e946 | fdff ff44 | 8b1b 4585 | db0f 8460 | fdff ff4d | 8b57 2049 
  0x0000024c5fca03c0: 8bcb 4d85 | d20f 842a | 0300 004d | 8b5f 304b | 894c 13f8 | 4983 c2f8 | 4d89 5720 | e93a fdff 
  0x0000024c5fca03e0: ff4d 8b57 | 504d 8b5f | 40f0 8344 | 24c0 0080 | 3900 0f84 | 5ffd ffff | 4488 214d | 85db 7515 
  0x0000024c5fca0400: 498b d749 | bad0 e9d7 | a2f9 7f00 | 0041 ffd2 | e942 fdff | ff4b 894c | 1af8 4983 | c3f8 4d89 
  0x0000024c5fca0420: 5f40 e930 | fdff ff45 | 8b58 1845 | 85db 0f84 | 47fd ffff | 4d8b 5720 | 498b cb4d | 85d2 0f84 
  0x0000024c5fca0440: c602 0000 | 4d8b 5f30 | 4b89 4c13 | f849 83c2 | f84d 8957 | 20e9 21fd | ffff 448b | 1b45 85db 
  0x0000024c5fca0460: 0f84 46fd | ffff 4d8b | 5720 498b | cb4d 85d2 | 0f84 ae02 | 0000 4d8b | 5f30 4b89 | 4c13 f849 
  0x0000024c5fca0480: 83c2 f84d | 8957 20e9 | 20fd ffff | 4d8b 5750 | 4d8b 5f40 | f083 4424 | c000 8039 | 000f 8445 
  0x0000024c5fca04a0: fdff ff44 | 8821 4d85 | db75 1549 | 8bd7 49ba | d0e9 d7a2 | f97f 0000 | 41ff d2e9 | 28fd ffff 
  0x0000024c5fca04c0: 4b89 4c1a | f849 83c3 | f84d 895f | 40e9 16fd | ffff 4c8b | 5424 3845 | 8b52 2445 | 85d2 0f84 
  0x0000024c5fca04e0: 97f9 ffff | 4d8b 5f20 | 498b ca4d | 85db 0f84 | 4502 0000 | 4d8b 5730 | 4b89 4c1a | f849 83c3 
  0x0000024c5fca0500: f84d 895f | 20e9 71f9 | ffff 4d8b | 5740 4d8b | 5f50 f083 | 4424 c000 | 8039 000f | 849b f9ff 
  0x0000024c5fca0520: ff44 8821 | 4d85 d275 | 1549 8bd7 | 49ba d0e9 | d7a2 f97f | 0000 41ff | d2e9 7ef9 | ffff 4b89 
  0x0000024c5fca0540: 4c13 f849 | 83c2 f84d | 8957 40e9 | 6cf9 ffff | 4533 db8b | dde9 1af8 | ffff 448b | 5718 4585 
  0x0000024c5fca0560: d20f 84cb | fcff ff4d | 8b5f 2049 | 8bca 4d85 | db0f 84d7 | 0100 004d | 8b57 304b | 894c 1af8 
  0x0000024c5fca0580: 4983 c3f8 | 4d89 5f20 | e9a5 fcff | ff45 8b5a | 1845 85db | 0f84 b9fa | ffff 4d8b | 5720 498b 
  0x0000024c5fca05a0: cb4d 85d2 | 0f84 b901 | 0000 4d8b | 5f30 4b89 | 4c13 f849 | 83c2 f84d | 8957 20e9 | 93fa ffff 
  0x0000024c5fca05c0: 4c89 6c24 | 2889 7424 | 2489 5c24 | 2048 8bea | 48ba 58d1 | 1400 0800 | 0000 448b | c366 90e8 
  0x0000024c5fca05e0: 1cf4 5df8 | 8b5c 2420 | 8b74 2424 | 4c8b 6c24 | 284c 8bc0 | e972 f8ff | ff44 8954 | 2424 4c89 
  0x0000024c5fca0600: 6c24 2889 | 7424 208b | f749 8bd7 | 49ba f0e9 | d7a2 f97f | 0000 41ff | d28b fe8b | 7424 204c 
  0x0000024c5fca0620: 8b6c 2428 | 448b 5424 | 24e9 0dfd | ffff ba45 | ffff ff48 | 8b6c 2438 | 4c89 6c24 | 2089 7424 
  0x0000024c5fca0640: 2889 7c24 | 3844 8954 | 243c 90e8 | b01c 53f8 | 4489 5424 | 304c 896c | 2420 448b | ee8b f749 
  0x0000024c5fca0660: 8bd7 49ba | f0e9 d7a2 | f97f 0000 | 41ff d28b | fe41 8bf5 | 4c8b 6c24 | 2044 8b54 | 2430 e953 
  0x0000024c5fca0680: f9ff ffba | e4ff ffff | 488b 6c24 | 3889 7424 | 2844 8b5c | 2440 4489 | 5c24 2c4c | 8b54 2450 
  0x0000024c5fca06a0: 4c89 5424 | 4089 7c24 | 3c66 90e8 | 501c 53f8 | bae4 ffff | ff4c 8b54 | 2438 4c89 | 5424 2889 
  0x0000024c5fca06c0: 7424 3044 | 8b5c 2440 | 4489 5c24 | 3489 7c24 | 4066 90e8 | 281c 53f8 | 4863 cbe9 | acf6 ffff 
  0x0000024c5fca06e0: 498b d749 | baf0 e9d7 | a2f9 7f00 | 0041 ffd2 | e900 faff | ff49 8bd7 | 49ba f0e9 | d7a2 f97f 
  0x0000024c5fca0700: 0000 41ff | d2e9 11fa | ffff 498b | d749 baf0 | e9d7 a2f9 | 7f00 0041 | ffd2 4c8b | 4424 60e9 
  0x0000024c5fca0720: 57fa ffff | 498b d749 | baf0 e9d7 | a2f9 7f00 | 0041 ffd2 | e973 faff | ff49 8bd7 | 49ba f0e9 
  0x0000024c5fca0740: d7a2 f97f | 0000 41ff | d2e9 2df7 | ffff 498b | d749 baf0 | e9d7 a2f9 | 7f00 0041 | ffd2 e9cf 
  0x0000024c5fca0760: faff ff49 | 8bd7 49ba | f0e9 d7a2 | f97f 0000 | 41ff d2e9 | dbf8 ffff | ba76 ffff | ff48 8b6c 
  0x0000024c5fca0780: 2438 4c89 | 6c24 2089 | 7424 38e8 | 701b 53f8 | babe ffff | ff48 8b6c | 2438 4c89 | 6c24 2089 
  0x0000024c5fca07a0: 7424 38e8 | 581b 53f8 | ba45 ffff | ff48 8b6c | 2438 4c89 | 6c24 2089 | 5c24 2c89 | 7424 30e8 
  0x0000024c5fca07c0: 3c1b 53f8 | ba45 ffff | ff4c 896c | 2428 8974 | 2430 895c | 2434 90e8 | 241b 53f8 | c5f8 2eca 
  0x0000024c5fca07e0: bdff ffff | ff0f 8a0e | 0000 000f | 8208 0000 | 0040 0f95 | c540 0fb6 | edf7 ddba | 45ff ffff 
  0x0000024c5fca0800: 4c8b 5c24 | 384c 895c | 2420 4c89 | 6c24 2889 | 7424 3089 | 5c24 34c5 | fa11 5424 | 3866 90e8 
  0x0000024c5fca0820: dc1a 53f8 | ba45 ffff | ff48 8b6c | 2438 4c89 | 6c24 2089 | 7424 28c5 | fa11 5424 | 3089 5c24 
  0x0000024c5fca0840: 3466 90e8 | b81a 53f8 | 488b d048 | 81c4 8000 | 0000 5de9 | a81c 5ef8 | 49ba 0cff | c95f 4c02 
  0x0000024c5fca0860: 0000 4d89 | 9758 0300 | 00e9 922b | 53f8 f4f4 | f4f4 f4f4 | f4f4 f4f4 | f4f4 f4f4 | f4f4 f4f4 
  0x0000024c5fca0880: e9fb 395d | f8e8 0000 | 0000 4883 | 2c24 05e9 | 0c1e 53f8 | f4f4 f4f4 
[/MachCode]
--------------------------------------------------------------------------------


---------------  P R O C E S S  ---------------

Threads class SMR info:
_java_thread_list=0x0000024c6f5016f0, length=13, elements={
0x0000024c4f12e6c0, 0x0000024c6e8f4320, 0x0000024c6e8f52d0, 0x0000024c6e90a810,
0x0000024c6e90b0d0, 0x0000024c6e90ba80, 0x0000024c6e90c430, 0x0000024c6e9106c0,
0x0000024c6e91a180, 0x0000024c6e925750, 0x0000024c6e8dc220, 0x0000024c6f52f950,
0x0000024c6f52fe20
}

Java Threads: ( => current thread )
=>0x0000024c4f12e6c0 JavaThread "main" [_thread_in_Java, id=6624, stack(0x000000f5fa200000,0x000000f5fa300000)]
  0x0000024c6e8f4320 JavaThread "Reference Handler" daemon [_thread_blocked, id=4968, stack(0x000000f5fa900000,0x000000f5faa00000)]
  0x0000024c6e8f52d0 JavaThread "Finalizer" daemon [_thread_blocked, id=15892, stack(0x000000f5faa00000,0x000000f5fab00000)]
  0x0000024c6e90a810 JavaThread "Signal Dispatcher" daemon [_thread_blocked, id=7296, stack(0x000000f5fab00000,0x000000f5fac00000)]
  0x0000024c6e90b0d0 JavaThread "Attach Listener" daemon [_thread_blocked, id=6440, stack(0x000000f5fac00000,0x000000f5fad00000)]
  0x0000024c6e90ba80 JavaThread "Service Thread" daemon [_thread_blocked, id=15680, stack(0x000000f5fad00000,0x000000f5fae00000)]
  0x0000024c6e90c430 JavaThread "Monitor Deflation Thread" daemon [_thread_blocked, id=6612, stack(0x000000f5fae00000,0x000000f5faf00000)]
  0x0000024c6e9106c0 JavaThread "C2 CompilerThread0" daemon [_thread_blocked, id=14160, stack(0x000000f5faf00000,0x000000f5fb000000)]
  0x0000024c6e91a180 JavaThread "C1 CompilerThread0" daemon [_thread_blocked, id=9336, stack(0x000000f5fb000000,0x000000f5fb100000)]
  0x0000024c6e925750 JavaThread "Sweeper thread" daemon [_thread_blocked, id=7008, stack(0x000000f5fb100000,0x000000f5fb200000)]
  0x0000024c6e8dc220 JavaThread "Common-Cleaner" daemon [_thread_blocked, id=3104, stack(0x000000f5fb200000,0x000000f5fb300000)]
  0x0000024c6f52f950 JavaThread "Monitor Ctrl-Break" daemon [_thread_in_native, id=13316, stack(0x000000f5fb300000,0x000000f5fb400000)]
  0x0000024c6f52fe20 JavaThread "Notification Thread" daemon [_thread_blocked, id=15684, stack(0x000000f5fb400000,0x000000f5fb500000)]

Other Threads:
  0x0000024c6e8eee60 VMThread "VM Thread" [stack: 0x000000f5fa800000,0x000000f5fa900000] [id=6352] _threads_hazard_ptr=0x0000024c6f5016f0
  0x0000024c4f1a50f0 WatcherThread [stack: 0x000000f5fb500000,0x000000f5fb600000] [id=7628]
  0x0000024c4f187340 GCTaskThread "GC Thread#0" [stack: 0x000000f5fa300000,0x000000f5fa400000] [id=3608]
  0x0000024c6ffa0680 GCTaskThread "GC Thread#1" [stack: 0x000000f5fb600000,0x000000f5fb700000] [id=14632]
  0x0000024c6ffc4e30 GCTaskThread "GC Thread#2" [stack: 0x000000f5fb700000,0x000000f5fb800000] [id=13716]
  0x0000024c6ff8ccc0 GCTaskThread "GC Thread#3" [stack: 0x000000f5fb800000,0x000000f5fb900000] [id=10384]
  0x0000024c4f197f40 ConcurrentGCThread "G1 Main Marker" [stack: 0x000000f5fa400000,0x000000f5fa500000] [id=14676]
  0x0000024c4f1990f0 ConcurrentGCThread "G1 Conc#0" [stack: 0x000000f5fa500000,0x000000f5fa600000] [id=3992]
  0x0000024c6e7b0090 ConcurrentGCThread "G1 Refine#0" [stack: 0x000000f5fa600000,0x000000f5fa700000] [id=1032]
  0x0000024c6ff8a370 ConcurrentGCThread "G1 Refine#1" [stack: 0x000000f5fb900000,0x000000f5fba00000] [id=15768]
  0x0000024c6e7b1ac0 ConcurrentGCThread "G1 Service" [stack: 0x000000f5fa700000,0x000000f5fa800000] [id=15372]

Threads with active compile tasks:

VM state: synchronizing (normal execution)

VM Mutex/Monitor currently owned by a thread:  ([mutex/lock_event])
[0x0000024c4f12aa90] Threads_lock - owner thread: 0x0000024c6e8eee60

Heap address: 0x0000000081a00000, size: 2022 MB, Compressed Oops mode: 32-bit

CDS archive(s) mapped at: [0x0000000800000000-0x0000000800bc0000-0x0000000800bc0000), size 12320768, SharedBaseAddress: 0x0000000800000000, ArchiveRelocationMode: 0.
Compressed class space mapped at: 0x0000000800c00000-0x0000000840c00000, reserved size: 1073741824
Narrow klass base: 0x0000000800000000, Narrow klass shift: 0, Narrow klass range: 0x100000000

GC Precious Log:
 CPUs: 4 total, 4 available
 Memory: 8082M
 Large Page Support: Disabled
 NUMA Support: Disabled
 Compressed Oops: Enabled (32-bit)
 Heap Region Size: 1M
 Heap Min Capacity: 8M
 Heap Initial Capacity: 128M
 Heap Max Capacity: 2022M
 Pre-touch: Disabled
 Parallel Workers: 4
 Concurrent Workers: 1
 Concurrent Refinement Workers: 4
 Periodic GC: Disabled

Heap:
 garbage-first heap   total 131072K, used 8523K [0x0000000081a00000, 0x0000000100000000)
  region size 1024K, 9 young (9216K), 2 survivors (2048K)
 Metaspace       used 5610K, committed 5760K, reserved 1056768K
  class space    used 632K, committed 704K, reserved 1048576K

Heap Regions: E=young(eden), S=young(survivor), O=old, HS=humongous(starts), HC=humongous(continues), CS=collection set, F=free, OA=open archive, CA=closed archive, TAMS=top-at-mark-start (previous, next)
|   0|0x0000000081a00000, 0x0000000081b00000, 0x0000000081b00000|100%| O|  |TAMS 0x0000000081a00000, 0x0000000081a00000| Untracked 
|   1|0x0000000081b00000, 0x0000000081b52c00, 0x0000000081c00000| 32%| O|  |TAMS 0x0000000081b00000, 0x0000000081b00000| Untracked 
|   2|0x0000000081c00000, 0x0000000081c00000, 0x0000000081d00000|  0%| F|  |TAMS 0x0000000081c00000, 0x0000000081c00000| Untracked 
|   3|0x0000000081d00000, 0x0000000081d00000, 0x0000000081e00000|  0%| F|  |TAMS 0x0000000081d00000, 0x0000000081d00000| Untracked 
|   4|0x0000000081e00000, 0x0000000081e00000, 0x0000000081f00000|  0%| F|  |TAMS 0x0000000081e00000, 0x0000000081e00000| Untracked 
|   5|0x0000000081f00000, 0x0000000081f00000, 0x0000000082000000|  0%| F|  |TAMS 0x0000000081f00000, 0x0000000081f00000| Untracked 
|   6|0x0000000082000000, 0x0000000082000000, 0x0000000082100000|  0%| F|  |TAMS 0x0000000082000000, 0x0000000082000000| Untracked 
|   7|0x0000000082100000, 0x0000000082100000, 0x0000000082200000|  0%| F|  |TAMS 0x0000000082100000, 0x0000000082100000| Untracked 
|   8|0x0000000082200000, 0x0000000082200000, 0x0000000082300000|  0%| F|  |TAMS 0x0000000082200000, 0x0000000082200000| Untracked 
|   9|0x0000000082300000, 0x0000000082300000, 0x0000000082400000|  0%| F|  |TAMS 0x0000000082300000, 0x0000000082300000| Untracked 
|  10|0x0000000082400000, 0x0000000082400000, 0x0000000082500000|  0%| F|  |TAMS 0x0000000082400000, 0x0000000082400000| Untracked 
|  11|0x0000000082500000, 0x0000000082500000, 0x0000000082600000|  0%| F|  |TAMS 0x0000000082500000, 0x0000000082500000| Untracked 
|  12|0x0000000082600000, 0x0000000082600000, 0x0000000082700000|  0%| F|  |TAMS 0x0000000082600000, 0x0000000082600000| Untracked 
|  13|0x0000000082700000, 0x0000000082700000, 0x0000000082800000|  0%| F|  |TAMS 0x0000000082700000, 0x0000000082700000| Untracked 
|  14|0x0000000082800000, 0x0000000082800000, 0x0000000082900000|  0%| F|  |TAMS 0x0000000082800000, 0x0000000082800000| Untracked 
|  15|0x0000000082900000, 0x0000000082900000, 0x0000000082a00000|  0%| F|  |TAMS 0x0000000082900000, 0x0000000082900000| Untracked 
|  16|0x0000000082a00000, 0x0000000082a00000, 0x0000000082b00000|  0%| F|  |TAMS 0x0000000082a00000, 0x0000000082a00000| Untracked 
|  17|0x0000000082b00000, 0x0000000082b00000, 0x0000000082c00000|  0%| F|  |TAMS 0x0000000082b00000, 0x0000000082b00000| Untracked 
|  18|0x0000000082c00000, 0x0000000082c00000, 0x0000000082d00000|  0%| F|  |TAMS 0x0000000082c00000, 0x0000000082c00000| Untracked 
|  19|0x0000000082d00000, 0x0000000082d00000, 0x0000000082e00000|  0%| F|  |TAMS 0x0000000082d00000, 0x0000000082d00000| Untracked 
|  20|0x0000000082e00000, 0x0000000082e00000, 0x0000000082f00000|  0%| F|  |TAMS 0x0000000082e00000, 0x0000000082e00000| Untracked 
|  21|0x0000000082f00000, 0x0000000082f00000, 0x0000000083000000|  0%| F|  |TAMS 0x0000000082f00000, 0x0000000082f00000| Untracked 
|  22|0x0000000083000000, 0x0000000083000000, 0x0000000083100000|  0%| F|  |TAMS 0x0000000083000000, 0x0000000083000000| Untracked 
|  23|0x0000000083100000, 0x0000000083100000, 0x0000000083200000|  0%| F|  |TAMS 0x0000000083100000, 0x0000000083100000| Untracked 
|  24|0x0000000083200000, 0x0000000083200000, 0x0000000083300000|  0%| F|  |TAMS 0x0000000083200000, 0x0000000083200000| Untracked 
|  25|0x0000000083300000, 0x0000000083300000, 0x0000000083400000|  0%| F|  |TAMS 0x0000000083300000, 0x0000000083300000| Untracked 
|  26|0x0000000083400000, 0x0000000083400000, 0x0000000083500000|  0%| F|  |TAMS 0x0000000083400000, 0x0000000083400000| Untracked 
|  27|0x0000000083500000, 0x0000000083500000, 0x0000000083600000|  0%| F|  |TAMS 0x0000000083500000, 0x0000000083500000| Untracked 
|  28|0x0000000083600000, 0x0000000083600000, 0x0000000083700000|  0%| F|  |TAMS 0x0000000083600000, 0x0000000083600000| Untracked 
|  29|0x0000000083700000, 0x0000000083700000, 0x0000000083800000|  0%| F|  |TAMS 0x0000000083700000, 0x0000000083700000| Untracked 
|  30|0x0000000083800000, 0x0000000083800000, 0x0000000083900000|  0%| F|  |TAMS 0x0000000083800000, 0x0000000083800000| Untracked 
|  31|0x0000000083900000, 0x0000000083900000, 0x0000000083a00000|  0%| F|  |TAMS 0x0000000083900000, 0x0000000083900000| Untracked 
|  32|0x0000000083a00000, 0x0000000083a00000, 0x0000000083b00000|  0%| F|  |TAMS 0x0000000083a00000, 0x0000000083a00000| Untracked 
|  33|0x0000000083b00000, 0x0000000083b00000, 0x0000000083c00000|  0%| F|  |TAMS 0x0000000083b00000, 0x0000000083b00000| Untracked 
|  34|0x0000000083c00000, 0x0000000083c00000, 0x0000000083d00000|  0%| F|  |TAMS 0x0000000083c00000, 0x0000000083c00000| Untracked 
|  35|0x0000000083d00000, 0x0000000083d00000, 0x0000000083e00000|  0%| F|  |TAMS 0x0000000083d00000, 0x0000000083d00000| Untracked 
|  36|0x0000000083e00000, 0x0000000083e00000, 0x0000000083f00000|  0%| F|  |TAMS 0x0000000083e00000, 0x0000000083e00000| Untracked 
|  37|0x0000000083f00000, 0x0000000083f00000, 0x0000000084000000|  0%| F|  |TAMS 0x0000000083f00000, 0x0000000083f00000| Untracked 
|  38|0x0000000084000000, 0x0000000084000000, 0x0000000084100000|  0%| F|  |TAMS 0x0000000084000000, 0x0000000084000000| Untracked 
|  39|0x0000000084100000, 0x0000000084100000, 0x0000000084200000|  0%| F|  |TAMS 0x0000000084100000, 0x0000000084100000| Untracked 
|  40|0x0000000084200000, 0x0000000084200000, 0x0000000084300000|  0%| F|  |TAMS 0x0000000084200000, 0x0000000084200000| Untracked 
|  41|0x0000000084300000, 0x0000000084300000, 0x0000000084400000|  0%| F|  |TAMS 0x0000000084300000, 0x0000000084300000| Untracked 
|  42|0x0000000084400000, 0x0000000084400000, 0x0000000084500000|  0%| F|  |TAMS 0x0000000084400000, 0x0000000084400000| Untracked 
|  43|0x0000000084500000, 0x0000000084500000, 0x0000000084600000|  0%| F|  |TAMS 0x0000000084500000, 0x0000000084500000| Untracked 
|  44|0x0000000084600000, 0x0000000084600000, 0x0000000084700000|  0%| F|  |TAMS 0x0000000084600000, 0x0000000084600000| Untracked 
|  45|0x0000000084700000, 0x0000000084700000, 0x0000000084800000|  0%| F|  |TAMS 0x0000000084700000, 0x0000000084700000| Untracked 
|  46|0x0000000084800000, 0x0000000084800000, 0x0000000084900000|  0%| F|  |TAMS 0x0000000084800000, 0x0000000084800000| Untracked 
|  47|0x0000000084900000, 0x0000000084900000, 0x0000000084a00000|  0%| F|  |TAMS 0x0000000084900000, 0x0000000084900000| Untracked 
|  48|0x0000000084a00000, 0x0000000084a00000, 0x0000000084b00000|  0%| F|  |TAMS 0x0000000084a00000, 0x0000000084a00000| Untracked 
|  49|0x0000000084b00000, 0x0000000084b00000, 0x0000000084c00000|  0%| F|  |TAMS 0x0000000084b00000, 0x0000000084b00000| Untracked 
|  50|0x0000000084c00000, 0x0000000084c00000, 0x0000000084d00000|  0%| F|  |TAMS 0x0000000084c00000, 0x0000000084c00000| Untracked 
|  51|0x0000000084d00000, 0x0000000084d00000, 0x0000000084e00000|  0%| F|  |TAMS 0x0000000084d00000, 0x0000000084d00000| Untracked 
|  52|0x0000000084e00000, 0x0000000084e00000, 0x0000000084f00000|  0%| F|  |TAMS 0x0000000084e00000, 0x0000000084e00000| Untracked 
|  53|0x0000000084f00000, 0x0000000084f00000, 0x0000000085000000|  0%| F|  |TAMS 0x0000000084f00000, 0x0000000084f00000| Untracked 
|  54|0x0000000085000000, 0x0000000085000000, 0x0000000085100000|  0%| F|  |TAMS 0x0000000085000000, 0x0000000085000000| Untracked 
|  55|0x0000000085100000, 0x0000000085100000, 0x0000000085200000|  0%| F|  |TAMS 0x0000000085100000, 0x0000000085100000| Untracked 
|  56|0x0000000085200000, 0x0000000085200000, 0x0000000085300000|  0%| F|  |TAMS 0x0000000085200000, 0x0000000085200000| Untracked 
|  57|0x0000000085300000, 0x0000000085300000, 0x0000000085400000|  0%| F|  |TAMS 0x0000000085300000, 0x0000000085300000| Untracked 
|  58|0x0000000085400000, 0x0000000085400000, 0x0000000085500000|  0%| F|  |TAMS 0x0000000085400000, 0x0000000085400000| Untracked 
|  59|0x0000000085500000, 0x0000000085500000, 0x0000000085600000|  0%| F|  |TAMS 0x0000000085500000, 0x0000000085500000| Untracked 
|  60|0x0000000085600000, 0x0000000085600000, 0x0000000085700000|  0%| F|  |TAMS 0x0000000085600000, 0x0000000085600000| Untracked 
|  61|0x0000000085700000, 0x0000000085700000, 0x0000000085800000|  0%| F|  |TAMS 0x0000000085700000, 0x0000000085700000| Untracked 
|  62|0x0000000085800000, 0x0000000085800000, 0x0000000085900000|  0%| F|  |TAMS 0x0000000085800000, 0x0000000085800000| Untracked 
|  63|0x0000000085900000, 0x0000000085900000, 0x0000000085a00000|  0%| F|  |TAMS 0x0000000085900000, 0x0000000085900000| Untracked 
|  64|0x0000000085a00000, 0x0000000085a00000, 0x0000000085b00000|  0%| F|  |TAMS 0x0000000085a00000, 0x0000000085a00000| Untracked 
|  65|0x0000000085b00000, 0x0000000085b00000, 0x0000000085c00000|  0%| F|  |TAMS 0x0000000085b00000, 0x0000000085b00000| Untracked 
|  66|0x0000000085c00000, 0x0000000085c00000, 0x0000000085d00000|  0%| F|  |TAMS 0x0000000085c00000, 0x0000000085c00000| Untracked 
|  67|0x0000000085d00000, 0x0000000085d00000, 0x0000000085e00000|  0%| F|  |TAMS 0x0000000085d00000, 0x0000000085d00000| Untracked 
|  68|0x0000000085e00000, 0x0000000085e00000, 0x0000000085f00000|  0%| F|  |TAMS 0x0000000085e00000, 0x0000000085e00000| Untracked 
|  69|0x0000000085f00000, 0x0000000085f00000, 0x0000000086000000|  0%| F|  |TAMS 0x0000000085f00000, 0x0000000085f00000| Untracked 
|  70|0x0000000086000000, 0x0000000086000000, 0x0000000086100000|  0%| F|  |TAMS 0x0000000086000000, 0x0000000086000000| Untracked 
|  71|0x0000000086100000, 0x0000000086100000, 0x0000000086200000|  0%| F|  |TAMS 0x0000000086100000, 0x0000000086100000| Untracked 
|  72|0x0000000086200000, 0x0000000086200000, 0x0000000086300000|  0%| F|  |TAMS 0x0000000086200000, 0x0000000086200000| Untracked 
|  73|0x0000000086300000, 0x0000000086300000, 0x0000000086400000|  0%| F|  |TAMS 0x0000000086300000, 0x0000000086300000| Untracked 
|  74|0x0000000086400000, 0x0000000086400000, 0x0000000086500000|  0%| F|  |TAMS 0x0000000086400000, 0x0000000086400000| Untracked 
|  75|0x0000000086500000, 0x0000000086500000, 0x0000000086600000|  0%| F|  |TAMS 0x0000000086500000, 0x0000000086500000| Untracked 
|  76|0x0000000086600000, 0x0000000086600000, 0x0000000086700000|  0%| F|  |TAMS 0x0000000086600000, 0x0000000086600000| Untracked 
|  77|0x0000000086700000, 0x0000000086700000, 0x0000000086800000|  0%| F|  |TAMS 0x0000000086700000, 0x0000000086700000| Untracked 
|  78|0x0000000086800000, 0x0000000086800000, 0x0000000086900000|  0%| F|  |TAMS 0x0000000086800000, 0x0000000086800000| Untracked 
|  79|0x0000000086900000, 0x0000000086900000, 0x0000000086a00000|  0%| F|  |TAMS 0x0000000086900000, 0x0000000086900000| Untracked 
|  80|0x0000000086a00000, 0x0000000086a00000, 0x0000000086b00000|  0%| F|  |TAMS 0x0000000086a00000, 0x0000000086a00000| Untracked 
|  81|0x0000000086b00000, 0x0000000086b00000, 0x0000000086c00000|  0%| F|  |TAMS 0x0000000086b00000, 0x0000000086b00000| Untracked 
|  82|0x0000000086c00000, 0x0000000086c00000, 0x0000000086d00000|  0%| F|  |TAMS 0x0000000086c00000, 0x0000000086c00000| Untracked 
|  83|0x0000000086d00000, 0x0000000086d00000, 0x0000000086e00000|  0%| F|  |TAMS 0x0000000086d00000, 0x0000000086d00000| Untracked 
|  84|0x0000000086e00000, 0x0000000086e00000, 0x0000000086f00000|  0%| F|  |TAMS 0x0000000086e00000, 0x0000000086e00000| Untracked 
|  85|0x0000000086f00000, 0x0000000086f00000, 0x0000000087000000|  0%| F|  |TAMS 0x0000000086f00000, 0x0000000086f00000| Untracked 
|  86|0x0000000087000000, 0x0000000087000000, 0x0000000087100000|  0%| F|  |TAMS 0x0000000087000000, 0x0000000087000000| Untracked 
|  87|0x0000000087100000, 0x0000000087100000, 0x0000000087200000|  0%| F|  |TAMS 0x0000000087100000, 0x0000000087100000| Untracked 
|  88|0x0000000087200000, 0x0000000087200000, 0x0000000087300000|  0%| F|  |TAMS 0x0000000087200000, 0x0000000087200000| Untracked 
|  89|0x0000000087300000, 0x0000000087300000, 0x0000000087400000|  0%| F|  |TAMS 0x0000000087300000, 0x0000000087300000| Untracked 
|  90|0x0000000087400000, 0x0000000087400000, 0x0000000087500000|  0%| F|  |TAMS 0x0000000087400000, 0x0000000087400000| Untracked 
|  91|0x0000000087500000, 0x0000000087500000, 0x0000000087600000|  0%| F|  |TAMS 0x0000000087500000, 0x0000000087500000| Untracked 
|  92|0x0000000087600000, 0x0000000087600000, 0x0000000087700000|  0%| F|  |TAMS 0x0000000087600000, 0x0000000087600000| Untracked 
|  93|0x0000000087700000, 0x0000000087700000, 0x0000000087800000|  0%| F|  |TAMS 0x0000000087700000, 0x0000000087700000| Untracked 
|  94|0x0000000087800000, 0x0000000087800000, 0x0000000087900000|  0%| F|  |TAMS 0x0000000087800000, 0x0000000087800000| Untracked 
|  95|0x0000000087900000, 0x0000000087900000, 0x0000000087a00000|  0%| F|  |TAMS 0x0000000087900000, 0x0000000087900000| Untracked 
|  96|0x0000000087a00000, 0x0000000087a00000, 0x0000000087b00000|  0%| F|  |TAMS 0x0000000087a00000, 0x0000000087a00000| Untracked 
|  97|0x0000000087b00000, 0x0000000087b00000, 0x0000000087c00000|  0%| F|  |TAMS 0x0000000087b00000, 0x0000000087b00000| Untracked 
|  98|0x0000000087c00000, 0x0000000087c00000, 0x0000000087d00000|  0%| F|  |TAMS 0x0000000087c00000, 0x0000000087c00000| Untracked 
|  99|0x0000000087d00000, 0x0000000087d00000, 0x0000000087e00000|  0%| F|  |TAMS 0x0000000087d00000, 0x0000000087d00000| Untracked 
| 100|0x0000000087e00000, 0x0000000087e00000, 0x0000000087f00000|  0%| F|  |TAMS 0x0000000087e00000, 0x0000000087e00000| Untracked 
| 101|0x0000000087f00000, 0x0000000087f00000, 0x0000000088000000|  0%| F|  |TAMS 0x0000000087f00000, 0x0000000087f00000| Untracked 
| 102|0x0000000088000000, 0x0000000088000000, 0x0000000088100000|  0%| F|  |TAMS 0x0000000088000000, 0x0000000088000000| Untracked 
| 103|0x0000000088100000, 0x0000000088100000, 0x0000000088200000|  0%| F|  |TAMS 0x0000000088100000, 0x0000000088100000| Untracked 
| 104|0x0000000088200000, 0x0000000088200000, 0x0000000088300000|  0%| F|  |TAMS 0x0000000088200000, 0x0000000088200000| Untracked 
| 105|0x0000000088300000, 0x0000000088300000, 0x0000000088400000|  0%| F|  |TAMS 0x0000000088300000, 0x0000000088300000| Untracked 
| 106|0x0000000088400000, 0x0000000088400000, 0x0000000088500000|  0%| F|  |TAMS 0x0000000088400000, 0x0000000088400000| Untracked 
| 107|0x0000000088500000, 0x0000000088500000, 0x0000000088600000|  0%| F|  |TAMS 0x0000000088500000, 0x0000000088500000| Untracked 
| 108|0x0000000088600000, 0x0000000088600000, 0x0000000088700000|  0%| F|  |TAMS 0x0000000088600000, 0x0000000088600000| Untracked 
| 109|0x0000000088700000, 0x0000000088700000, 0x0000000088800000|  0%| F|  |TAMS 0x0000000088700000, 0x0000000088700000| Untracked 
| 110|0x0000000088800000, 0x0000000088800000, 0x0000000088900000|  0%| F|  |TAMS 0x0000000088800000, 0x0000000088800000| Untracked 
| 111|0x0000000088900000, 0x0000000088900000, 0x0000000088a00000|  0%| F|  |TAMS 0x0000000088900000, 0x0000000088900000| Untracked 
| 112|0x0000000088a00000, 0x0000000088a00000, 0x0000000088b00000|  0%| F|  |TAMS 0x0000000088a00000, 0x0000000088a00000| Untracked 
| 113|0x0000000088b00000, 0x0000000088c00000, 0x0000000088c00000|100%| S|CS|TAMS 0x0000000088b00000, 0x0000000088b00000| Complete 
| 114|0x0000000088c00000, 0x0000000088d00000, 0x0000000088d00000|100%| S|CS|TAMS 0x0000000088c00000, 0x0000000088c00000| Complete 
| 115|0x0000000088d00000, 0x0000000088d00000, 0x0000000088e00000|  0%| F|  |TAMS 0x0000000088d00000, 0x0000000088d00000| Untracked 
| 116|0x0000000088e00000, 0x0000000088e00000, 0x0000000088f00000|  0%| F|  |TAMS 0x0000000088e00000, 0x0000000088e00000| Untracked 
| 117|0x0000000088f00000, 0x0000000088f00000, 0x0000000089000000|  0%| F|  |TAMS 0x0000000088f00000, 0x0000000088f00000| Untracked 
| 118|0x0000000089000000, 0x0000000089000000, 0x0000000089100000|  0%| F|  |TAMS 0x0000000089000000, 0x0000000089000000| Untracked 
| 119|0x0000000089100000, 0x0000000089100000, 0x0000000089200000|  0%| F|  |TAMS 0x0000000089100000, 0x0000000089100000| Untracked 
| 120|0x0000000089200000, 0x0000000089200000, 0x0000000089300000|  0%| F|  |TAMS 0x0000000089200000, 0x0000000089200000| Untracked 
| 121|0x0000000089300000, 0x0000000089346160, 0x0000000089400000| 27%| E|  |TAMS 0x0000000089300000, 0x0000000089300000| Complete 
| 122|0x0000000089400000, 0x0000000089500000, 0x0000000089500000|100%| E|CS|TAMS 0x0000000089400000, 0x0000000089400000| Complete 
| 123|0x0000000089500000, 0x0000000089600000, 0x0000000089600000|100%| E|CS|TAMS 0x0000000089500000, 0x0000000089500000| Complete 
| 124|0x0000000089600000, 0x0000000089700000, 0x0000000089700000|100%| E|CS|TAMS 0x0000000089600000, 0x0000000089600000| Complete 
| 125|0x0000000089700000, 0x0000000089800000, 0x0000000089800000|100%| E|CS|TAMS 0x0000000089700000, 0x0000000089700000| Complete 
| 126|0x0000000089800000, 0x0000000089900000, 0x0000000089900000|100%| E|CS|TAMS 0x0000000089800000, 0x0000000089800000| Complete 
| 127|0x0000000089900000, 0x0000000089a00000, 0x0000000089a00000|100%| E|  |TAMS 0x0000000089900000, 0x0000000089900000| Complete 

Card table byte_map: [0x0000024c67bc0000,0x0000024c67fc0000] _byte_map_base: 0x0000024c677b3000

Marking Bits (Prev, Next): (CMBitMap*) 0x0000024c4f187950, (CMBitMap*) 0x0000024c4f187990
 Prev Bits: [0x0000024c683c0000, 0x0000024c6a358000)
 Next Bits: [0x0000024c6a360000, 0x0000024c6c2f8000)

Polling page: 0x0000024c58160000

Metaspace:

Usage:
  Non-class:      4.86 MB used.
      Class:    632.81 KB used.
       Both:      5.48 MB used.

Virtual space:
  Non-class space:        8.00 MB reserved,       4.94 MB ( 62%) committed,  1 nodes.
      Class space:        1.00 GB reserved,     704.00 KB ( <1%) committed,  1 nodes.
             Both:        1.01 GB reserved,       5.62 MB ( <1%) committed. 

Chunk freelists:
   Non-Class:  1.53 MB
       Class:  3.34 MB
        Both:  4.88 MB

MaxMetaspaceSize: unlimited
CompressedClassSpaceSize: 1.00 GB
Initial GC threshold: 21.00 MB
Current GC threshold: 21.00 MB
CDS: on
MetaspaceReclaimPolicy: balanced
 - commit_granule_bytes: 65536.
 - commit_granule_words: 8192.
 - virtual_space_node_default_size: 1048576.
 - enlarge_chunks_in_place: 1.
 - new_chunks_are_fully_committed: 0.
 - uncommit_free_chunks: 1.
 - use_allocation_guard: 0.
 - handle_deallocations: 1.


Internal statistics:

num_allocs_failed_limit: 0.
num_arena_births: 26.
num_arena_deaths: 0.
num_vsnodes_births: 2.
num_vsnodes_deaths: 0.
num_space_committed: 90.
num_space_uncommitted: 0.
num_chunks_returned_to_freelist: 0.
num_chunks_taken_from_freelist: 154.
num_chunk_merges: 0.
num_chunk_splits: 109.
num_chunks_enlarged: 93.
num_purges: 0.
num_inconsistent_stats: 0.

CodeHeap 'non-profiled nmethods': size=120000Kb used=351Kb max_used=351Kb free=119649Kb
 bounds [0x0000024c5fc50000, 0x0000024c5fec0000, 0x0000024c67180000]
CodeHeap 'profiled nmethods': size=120000Kb used=2146Kb max_used=2146Kb free=117853Kb
 bounds [0x0000024c58720000, 0x0000024c58990000, 0x0000024c5fc50000]
CodeHeap 'non-nmethods': size=5760Kb used=1156Kb max_used=1178Kb free=4603Kb
 bounds [0x0000024c58180000, 0x0000024c583f0000, 0x0000024c58720000]
 total_blobs=1530 nmethods=1081 adapters=362
 compilation: enabled
              stopped_count=0, restarted_count=0
 full_count=0

Compilation events (20 events):
Event: 2.239 Thread 0x0000024c6e91a180 nmethod 1057 0x0000024c5892df90 code [0x0000024c5892e7c0, 0x0000024c58933938]
Event: 2.239 Thread 0x0000024c6e91a180 1067       3       java.nio.Buffer::<init> (105 bytes)
Event: 2.241 Thread 0x0000024c6e91a180 nmethod 1067 0x0000024c58935090 code [0x0000024c58935340, 0x0000024c58935eb8]
Event: 2.241 Thread 0x0000024c6e91a180 1070       3       java.nio.CharBuffer::<init> (24 bytes)
Event: 2.241 Thread 0x0000024c6e91a180 nmethod 1070 0x0000024c58936310 code [0x0000024c589364c0, 0x0000024c58936668]
Event: 2.241 Thread 0x0000024c6e91a180 1071       3       java.nio.CharBuffer::limit (6 bytes)
Event: 2.241 Thread 0x0000024c6e91a180 nmethod 1071 0x0000024c58936710 code [0x0000024c589368c0, 0x0000024c58936a68]
Event: 2.241 Thread 0x0000024c6e91a180 1072       3       java.nio.CharBuffer::limit (8 bytes)
Event: 2.241 Thread 0x0000024c6e91a180 nmethod 1072 0x0000024c58936b10 code [0x0000024c58936ca0, 0x0000024c58936de8]
Event: 2.241 Thread 0x0000024c6e91a180 1068   !   3       java.nio.CharBuffer::wrap (21 bytes)
Event: 2.241 Thread 0x0000024c6e91a180 nmethod 1068 0x0000024c58936e90 code [0x0000024c58937040, 0x0000024c589372d8]
Event: 2.241 Thread 0x0000024c6e91a180 1069       3       java.nio.HeapCharBuffer::<init> (23 bytes)
Event: 2.243 Thread 0x0000024c6e91a180 nmethod 1069 0x0000024c58937410 code [0x0000024c589375c0, 0x0000024c58937748]
Event: 2.243 Thread 0x0000024c6e91a180 1073   !   3       sun.nio.cs.StreamDecoder::read0 (116 bytes)
Event: 2.244 Thread 0x0000024c6e91a180 nmethod 1073 0x0000024c58937810 code [0x0000024c589379e0, 0x0000024c58937ee8]
Event: 2.246 Thread 0x0000024c6e9106c0 1076   !   4       sun.nio.cs.StreamDecoder::read (196 bytes)
Event: 2.249 Thread 0x0000024c6e91a180 1080       3       org.codehaus.plexus.util.xml.pull.MXParser::isS (30 bytes)
Event: 2.250 Thread 0x0000024c6e91a180 nmethod 1080 0x0000024c58938090 code [0x0000024c58938220, 0x0000024c58938438]
Event: 2.250 Thread 0x0000024c6e91a180 1081       3       org.codehaus.plexus.util.xml.pull.MXParser::more (79 bytes)
Event: 2.251 Thread 0x0000024c6e91a180 nmethod 1081 0x0000024c58938510 code [0x0000024c589386c0, 0x0000024c58938968]

GC Heap History (2 events):
Event: 1.462 GC heap before
{Heap before GC invocations=0 (full 0):
 garbage-first heap   total 131072K, used 12288K [0x0000000081a00000, 0x0000000100000000)
  region size 1024K, 13 young (13312K), 0 survivors (0K)
 Metaspace       used 3992K, committed 4160K, reserved 1056768K
  class space    used 399K, committed 512K, reserved 1048576K
}
Event: 1.525 GC heap after
{Heap after GC invocations=1 (full 0):
 garbage-first heap   total 131072K, used 3403K [0x0000000081a00000, 0x0000000100000000)
  region size 1024K, 2 young (2048K), 2 survivors (2048K)
 Metaspace       used 3992K, committed 4160K, reserved 1056768K
  class space    used 399K, committed 512K, reserved 1048576K
}

Deoptimization events (20 events):
Event: 1.120 Thread 0x0000024c4f12e6c0 DEOPT PACKING pc=0x0000024c5fc61cb8 sp=0x000000f5fa2fdef0
Event: 1.121 Thread 0x0000024c4f12e6c0 DEOPT UNPACKING pc=0x0000024c581d23a3 sp=0x000000f5fa2fde80 mode 2
Event: 1.656 Thread 0x0000024c4f12e6c0 DEOPT PACKING pc=0x0000024c588367a7 sp=0x000000f5fa2f9b30
Event: 1.656 Thread 0x0000024c4f12e6c0 DEOPT UNPACKING pc=0x0000024c581d2b43 sp=0x000000f5fa2f8f90 mode 0
Event: 1.744 Thread 0x0000024c4f12e6c0 Uncommon trap: trap_request=0xffffff45 fr.pc=0x0000024c5fc8c044 relative=0x0000000000000284
Event: 1.744 Thread 0x0000024c4f12e6c0 Uncommon trap: reason=unstable_if action=reinterpret pc=0x0000024c5fc8c044 method=java.util.HashMap.getNode(Ljava/lang/Object;)Ljava/util/HashMap$Node; @ 66 c2
Event: 1.744 Thread 0x0000024c4f12e6c0 DEOPT PACKING pc=0x0000024c5fc8c044 sp=0x000000f5fa2fe4d0
Event: 1.744 Thread 0x0000024c4f12e6c0 DEOPT UNPACKING pc=0x0000024c581d23a3 sp=0x000000f5fa2fe450 mode 2
Event: 1.744 Thread 0x0000024c4f12e6c0 Uncommon trap: trap_request=0xffffffde fr.pc=0x0000024c5fc87d94 relative=0x0000000000001474
Event: 1.744 Thread 0x0000024c4f12e6c0 Uncommon trap: reason=class_check action=maybe_recompile pc=0x0000024c5fc87d94 method=java.util.HashMap.putVal(ILjava/lang/Object;Ljava/lang/Object;ZZ)Ljava/lang/Object; @ 91 c2
Event: 1.744 Thread 0x0000024c4f12e6c0 DEOPT PACKING pc=0x0000024c5fc87d94 sp=0x000000f5fa2fe4a0
Event: 1.744 Thread 0x0000024c4f12e6c0 DEOPT UNPACKING pc=0x0000024c581d23a3 sp=0x000000f5fa2fe3f8 mode 2
Event: 1.798 Thread 0x0000024c4f12e6c0 Uncommon trap: trap_request=0xffffffde fr.pc=0x0000024c5fc87d94 relative=0x0000000000001474
Event: 1.798 Thread 0x0000024c4f12e6c0 Uncommon trap: reason=class_check action=maybe_recompile pc=0x0000024c5fc87d94 method=java.util.HashMap.putVal(ILjava/lang/Object;Ljava/lang/Object;ZZ)Ljava/lang/Object; @ 91 c2
Event: 1.798 Thread 0x0000024c4f12e6c0 DEOPT PACKING pc=0x0000024c5fc87d94 sp=0x000000f5fa2fdb70
Event: 1.798 Thread 0x0000024c4f12e6c0 DEOPT UNPACKING pc=0x0000024c581d23a3 sp=0x000000f5fa2fdac8 mode 2
Event: 2.216 Thread 0x0000024c4f12e6c0 Uncommon trap: trap_request=0xffffff45 fr.pc=0x0000024c5fc80eac relative=0x00000000000000ac
Event: 2.216 Thread 0x0000024c4f12e6c0 Uncommon trap: reason=unstable_if action=reinterpret pc=0x0000024c5fc80eac method=org.codehaus.plexus.util.xml.pull.MXParser.more()C @ 8 c2
Event: 2.217 Thread 0x0000024c4f12e6c0 DEOPT PACKING pc=0x0000024c5fc80eac sp=0x000000f5fa2fdf40
Event: 2.217 Thread 0x0000024c4f12e6c0 DEOPT UNPACKING pc=0x0000024c581d23a3 sp=0x000000f5fa2fded0 mode 2

Classes unloaded (0 events):
No events

Classes redefined (0 events):
No events

Internal exceptions (5 events):
Event: 0.221 Thread 0x0000024c6f52f950 Exception <a 'java/lang/NoSuchMethodError'{0x00000000898ccaf0}: 'java.lang.Object java.lang.invoke.DirectMethodHandle$Holder.invokeStaticInit(java.lang.Object)'> (0x00000000898ccaf0) 
thrown [t:\workspace\open\src\hotspot\share\interpreter\linkResolver.cpp, line 766]
Event: 0.235 Thread 0x0000024c6f52f950 Exception <a 'java/lang/NoSuchMethodError'{0x00000000898da9a8}: 'void java.lang.invoke.DirectMethodHandle$Holder.invokeStatic(java.lang.Object, java.lang.Object)'> (0x00000000898da9a8) 
thrown [t:\workspace\open\src\hotspot\share\interpreter\linkResolver.cpp, line 766]
Event: 0.458 Thread 0x0000024c4f12e6c0 Exception <a 'java/lang/NoSuchMethodError'{0x000000008940e280}: 'java.lang.Object java.lang.invoke.DirectMethodHandle$Holder.invokeStaticInit(java.lang.Object, int, int, int, int)'> (0x000000008940e280) 
thrown [t:\workspace\open\src\hotspot\share\interpreter\linkResolver.cpp, line 766]
Event: 0.533 Thread 0x0000024c4f12e6c0 Exception <a 'java/lang/NoSuchMethodError'{0x00000000894d53c0}: 'java.lang.Object java.lang.invoke.DirectMethodHandle$Holder.invokeStaticInit(java.lang.Object, java.lang.Object, int, int, int, int)'> (0x00000000894d53c0) 
thrown [t:\workspace\open\src\hotspot\share\interpreter\linkResolver.cpp, line 766]
Event: 1.924 Thread 0x0000024c4f12e6c0 Exception <a 'java/lang/NoSuchMethodError'{0x00000000896be7d8}: 'java.lang.Object java.lang.invoke.DirectMethodHandle$Holder.newInvokeSpecial(java.lang.Object, java.lang.Object, java.lang.Object, java.lang.Object, java.lang.Object)'> (0x00000000896be7d8) 
thrown [t:\workspace\open\src\hotspot\share\interpreter\linkResolver.cpp, line 766]

VM Operations (12 events):
Event: 0.134 Executing VM operation: HandshakeAllThreads
Event: 0.134 Executing VM operation: HandshakeAllThreads done
Event: 0.219 Executing VM operation: HandshakeAllThreads
Event: 0.219 Executing VM operation: HandshakeAllThreads done
Event: 0.404 Executing VM operation: HandshakeAllThreads
Event: 0.404 Executing VM operation: HandshakeAllThreads done
Event: 0.545 Executing VM operation: HandshakeAllThreads
Event: 0.545 Executing VM operation: HandshakeAllThreads done
Event: 0.725 Executing VM operation: HandshakeAllThreads
Event: 0.725 Executing VM operation: HandshakeAllThreads done
Event: 1.462 Executing VM operation: G1CollectForAllocation
Event: 1.525 Executing VM operation: G1CollectForAllocation done

Events (20 events):
Event: 2.135 loading class sun/reflect/generics/repository/ClassRepository
Event: 2.135 loading class sun/reflect/generics/repository/GenericDeclRepository
Event: 2.135 loading class sun/reflect/generics/repository/AbstractRepository
Event: 2.135 loading class sun/reflect/generics/repository/AbstractRepository done
Event: 2.135 loading class sun/reflect/generics/repository/GenericDeclRepository done
Event: 2.135 loading class sun/reflect/generics/repository/ClassRepository done
Event: 2.135 loading class sun/reflect/generics/tree/FormalTypeParameter
Event: 2.135 loading class sun/reflect/generics/tree/FormalTypeParameter done
Event: 2.136 loading class sun/reflect/generics/tree/ClassSignature
Event: 2.136 loading class sun/reflect/generics/tree/Signature
Event: 2.136 loading class sun/reflect/generics/tree/Signature done
Event: 2.136 loading class sun/reflect/generics/tree/ClassSignature done
Event: 2.136 loading class java/lang/reflect/TypeVariable
Event: 2.136 loading class java/lang/reflect/TypeVariable done
Event: 2.136 loading class java/lang/reflect/WildcardType
Event: 2.136 loading class java/lang/reflect/WildcardType done
Event: 2.141 loading class sun/reflect/generics/tree/TypeVariableSignature
Event: 2.141 loading class sun/reflect/generics/tree/TypeVariableSignature done
Event: 2.182 loading class java/lang/annotation/IncompleteAnnotationException
Event: 2.183 loading class java/lang/annotation/IncompleteAnnotationException done


Dynamic libraries:
0x00007ff79fbf0000 - 0x00007ff79fc00000 	C:\Program Files\Java\jdk-17.0.3.1\bin\java.exe
0x00007ff9f5fb0000 - 0x00007ff9f61a7000 	C:\WINDOWS\SYSTEM32\ntdll.dll
0x00007ff9f59e0000 - 0x00007ff9f5a9d000 	C:\WINDOWS\System32\KERNEL32.DLL
0x00007ff9f36d0000 - 0x00007ff9f399d000 	C:\WINDOWS\System32\KERNELBASE.dll
0x00007ff9f3f10000 - 0x00007ff9f4010000 	C:\WINDOWS\System32\ucrtbase.dll
0x00007ff9e5050000 - 0x00007ff9e506a000 	C:\Program Files\Java\jdk-17.0.3.1\bin\VCRUNTIME140.dll
0x00007ff9e7680000 - 0x00007ff9e7698000 	C:\Program Files\Java\jdk-17.0.3.1\bin\jli.dll
0x00007ff9f4010000 - 0x00007ff9f40be000 	C:\WINDOWS\System32\ADVAPI32.dll
0x00007ff9f5700000 - 0x00007ff9f579e000 	C:\WINDOWS\System32\msvcrt.dll
0x00007ff9f4520000 - 0x00007ff9f45bc000 	C:\WINDOWS\System32\sechost.dll
0x00007ff9f55d0000 - 0x00007ff9f56f5000 	C:\WINDOWS\System32\RPCRT4.dll
0x00007ff9f5800000 - 0x00007ff9f59a0000 	C:\WINDOWS\System32\USER32.dll
0x00007ff9f3ba0000 - 0x00007ff9f3bc2000 	C:\WINDOWS\System32\win32u.dll
0x00007ff9f4140000 - 0x00007ff9f416a000 	C:\WINDOWS\System32\GDI32.dll
0x00007ff9e5850000 - 0x00007ff9e5aea000 	C:\WINDOWS\WinSxS\amd64_microsoft.windows.common-controls_6595b64144ccf1df_6.0.19041.1110_none_60b5254171f9507e\COMCTL32.dll
0x00007ff9f3a90000 - 0x00007ff9f3b9b000 	C:\WINDOWS\System32\gdi32full.dll
0x00007ff9f39a0000 - 0x00007ff9f3a3d000 	C:\WINDOWS\System32\msvcp_win.dll
0x00007ff9e8b10000 - 0x00007ff9e8b1a000 	C:\WINDOWS\SYSTEM32\VERSION.dll
0x00007ff9f59a0000 - 0x00007ff9f59d0000 	C:\WINDOWS\System32\IMM32.DLL
0x00007ff9e9080000 - 0x00007ff9e908c000 	C:\Program Files\Java\jdk-17.0.3.1\bin\vcruntime140_1.dll
0x00007ff9dde00000 - 0x00007ff9dde8d000 	C:\Program Files\Java\jdk-17.0.3.1\bin\msvcp140.dll
0x00007ff9a2ab0000 - 0x00007ff9a3670000 	C:\Program Files\Java\jdk-17.0.3.1\bin\server\jvm.dll
0x00007ff9f4130000 - 0x00007ff9f4138000 	C:\WINDOWS\System32\PSAPI.DLL
0x00007ff9e8c40000 - 0x00007ff9e8c49000 	C:\WINDOWS\SYSTEM32\WSOCK32.dll
0x00007ff9d63f0000 - 0x00007ff9d6417000 	C:\WINDOWS\SYSTEM32\WINMM.dll
0x00007ff9f40c0000 - 0x00007ff9f412b000 	C:\WINDOWS\System32\WS2_32.dll
0x00007ff9f15f0000 - 0x00007ff9f1602000 	C:\WINDOWS\SYSTEM32\kernel.appcore.dll
0x00007ff9e9040000 - 0x00007ff9e904a000 	C:\Program Files\Java\jdk-17.0.3.1\bin\jimage.dll
0x00007ff9ed570000 - 0x00007ff9ed754000 	C:\WINDOWS\SYSTEM32\DBGHELP.DLL
0x00007ff9ed510000 - 0x00007ff9ed53c000 	C:\WINDOWS\SYSTEM32\dbgcore.DLL
0x00007ff9f3e50000 - 0x00007ff9f3ed2000 	C:\WINDOWS\System32\bcryptPrimitives.dll
0x00007ff9ec8a0000 - 0x00007ff9ec8ae000 	C:\Program Files\Java\jdk-17.0.3.1\bin\instrument.dll
0x00007ff9e4830000 - 0x00007ff9e4855000 	C:\Program Files\Java\jdk-17.0.3.1\bin\java.dll
0x00007ff9d9970000 - 0x00007ff9d9a46000 	C:\Program Files\Java\jdk-17.0.3.1\bin\jsvml.dll
0x00007ff9f45e0000 - 0x00007ff9f4d24000 	C:\WINDOWS\System32\SHELL32.dll
0x00007ff9f17f0000 - 0x00007ff9f1f84000 	C:\WINDOWS\SYSTEM32\windows.storage.dll
0x00007ff9f5b80000 - 0x00007ff9f5ed4000 	C:\WINDOWS\System32\combase.dll
0x00007ff9f3130000 - 0x00007ff9f315c000 	C:\WINDOWS\SYSTEM32\Wldp.dll
0x00007ff9f4f30000 - 0x00007ff9f4fdd000 	C:\WINDOWS\System32\SHCORE.dll
0x00007ff9f4fe0000 - 0x00007ff9f5035000 	C:\WINDOWS\System32\shlwapi.dll
0x00007ff9f3610000 - 0x00007ff9f362f000 	C:\WINDOWS\SYSTEM32\profapi.dll
0x00007ff9defb0000 - 0x00007ff9defc8000 	C:\Program Files\Java\jdk-17.0.3.1\bin\zip.dll
0x00007ff9e3180000 - 0x00007ff9e3199000 	C:\Program Files\Java\jdk-17.0.3.1\bin\net.dll
0x00007ff9ec500000 - 0x00007ff9ec60a000 	C:\WINDOWS\SYSTEM32\WINHTTP.dll
0x00007ff9f2e20000 - 0x00007ff9f2e8a000 	C:\WINDOWS\system32\mswsock.dll
0x00007ff9e3130000 - 0x00007ff9e3146000 	C:\Program Files\Java\jdk-17.0.3.1\bin\nio.dll
0x00007ff9ec830000 - 0x00007ff9ec84a000 	C:\Program Files\JetBrains\IntelliJ IDEA Community Edition 2022.1.3\bin\breakgen64.dll
0x00007ff9e7d80000 - 0x00007ff9e7d90000 	C:\Program Files\Java\jdk-17.0.3.1\bin\verify.dll
0x00007ff9f3080000 - 0x00007ff9f3098000 	C:\WINDOWS\SYSTEM32\CRYPTSP.dll
0x00007ff9f2740000 - 0x00007ff9f2774000 	C:\WINDOWS\system32\rsaenh.dll
0x00007ff9f3ee0000 - 0x00007ff9f3f07000 	C:\WINDOWS\System32\bcrypt.dll
0x00007ff9f3590000 - 0x00007ff9f35be000 	C:\WINDOWS\SYSTEM32\USERENV.dll
0x00007ff9f30a0000 - 0x00007ff9f30ac000 	C:\WINDOWS\SYSTEM32\CRYPTBASE.dll
0x00007ff9f2ab0000 - 0x00007ff9f2aeb000 	C:\WINDOWS\SYSTEM32\IPHLPAPI.DLL
0x00007ff9f59d0000 - 0x00007ff9f59d8000 	C:\WINDOWS\System32\NSI.dll
0x00007ff9ed860000 - 0x00007ff9ed877000 	C:\WINDOWS\SYSTEM32\dhcpcsvc6.DLL
0x00007ff9ed8c0000 - 0x00007ff9ed8dd000 	C:\WINDOWS\SYSTEM32\dhcpcsvc.DLL
0x00007ff9f2b40000 - 0x00007ff9f2c0b000 	C:\WINDOWS\SYSTEM32\DNSAPI.dll
0x00007ff9ec880000 - 0x00007ff9ec88a000 	C:\Users\Asus\AppData\Local\Temp\jansi-1.17.1-15944368594416236279.dll
0x00007ff9ec820000 - 0x00007ff9ec82a000 	C:\Users\Asus\AppData\Local\Temp\jansi-1.17.1-7873099155376410267.dll

dbghelp: loaded successfully - version: 4.0.5 - missing functions: none
symbol engine: initialized successfully - sym options: 0x614 - pdb path: .;C:\Program Files\Java\jdk-17.0.3.1\bin;C:\WINDOWS\SYSTEM32;C:\WINDOWS\WinSxS\amd64_microsoft.windows.common-controls_6595b64144ccf1df_6.0.19041.1110_none_60b5254171f9507e;C:\Program Files\Java\jdk-17.0.3.1\bin\server;C:\Program Files\JetBrains\IntelliJ IDEA Community Edition 2022.1.3\bin;C:\Users\Asus\AppData\Local\Temp

VM Arguments:
jvm_args: -Dmaven.multiModuleProjectDirectory=D:\Training\epma\cycle-swap -Dmaven.home=C:\Program Files\JetBrains\IntelliJ IDEA Community Edition 2022.1.3\plugins\maven\lib\maven3 -Dclassworlds.conf=C:\Program Files\JetBrains\IntelliJ IDEA Community Edition 2022.1.3\plugins\maven\lib\maven3\bin\m2.conf -Dmaven.ext.class.path=C:\Program Files\JetBrains\IntelliJ IDEA Community Edition 2022.1.3\plugins\maven\lib\maven-event-listener.jar -javaagent:C:\Program Files\JetBrains\IntelliJ IDEA Community Edition 2022.1.3\lib\idea_rt.jar=54832:C:\Program Files\JetBrains\IntelliJ IDEA Community Edition 2022.1.3\bin -Dfile.encoding=UTF-8 
java_command: org.codehaus.classworlds.Launcher -Didea.version=2022.1.3 test
java_class_path (initial): C:\Program Files\JetBrains\IntelliJ IDEA Community Edition 2022.1.3\plugins\maven\lib\maven3\boot\plexus-classworlds-2.6.0.jar;C:\Program Files\JetBrains\IntelliJ IDEA Community Edition 2022.1.3\plugins\maven\lib\maven3\boot\plexus-classworlds.license
Launcher Type: SUN_STANDARD

[Global flags]
     intx CICompilerCount                          = 3                                         {product} {ergonomic}
     uint ConcGCThreads                            = 1                                         {product} {ergonomic}
     uint G1ConcRefinementThreads                  = 4                                         {product} {ergonomic}
   size_t G1HeapRegionSize                         = 1048576                                   {product} {ergonomic}
    uintx GCDrainStackTargetSize                   = 64                                        {product} {ergonomic}
   size_t InitialHeapSize                          = 134217728                                 {product} {ergonomic}
   size_t MarkStackSize                            = 4194304                                   {product} {ergonomic}
   size_t MaxHeapSize                              = 2120220672                                {product} {ergonomic}
   size_t MaxNewSize                               = 1271922688                                {product} {ergonomic}
   size_t MinHeapDeltaBytes                        = 1048576                                   {product} {ergonomic}
   size_t MinHeapSize                              = 8388608                                   {product} {ergonomic}
    uintx NonNMethodCodeHeapSize                   = 5832780                                {pd product} {ergonomic}
    uintx NonProfiledCodeHeapSize                  = 122912730                              {pd product} {ergonomic}
    uintx ProfiledCodeHeapSize                     = 122912730                              {pd product} {ergonomic}
    uintx ReservedCodeCacheSize                    = 251658240                              {pd product} {ergonomic}
     bool SegmentedCodeCache                       = true                                      {product} {ergonomic}
   size_t SoftMaxHeapSize                          = 2120220672                             {manageable} {ergonomic}
     bool UseCompressedClassPointers               = true                           {product lp64_product} {ergonomic}
     bool UseCompressedOops                        = true                           {product lp64_product} {ergonomic}
     bool UseG1GC                                  = true                                      {product} {ergonomic}
     bool UseLargePagesIndividualAllocation        = false                                  {pd product} {ergonomic}

Logging:
Log output configuration:
 #0: stdout all=warning uptime,level,tags
 #1: stderr all=off uptime,level,tags

Environment Variables:
JAVA_HOME=C:\Program Files\Java\jdk-17.0.3.1
PATH=C:\Program Files\Common Files\Oracle\Java\javapath;C:\Program Files (x86)\Common Files\Oracle\Java\javapath;C:\WINDOWS\system32;C:\WINDOWS;C:\WINDOWS\System32\Wbem;C:\WINDOWS\System32\WindowsPowerShell\v1.0\;C:\WINDOWS\System32\OpenSSH\;C:\Program Files\PuTTY\;D:\Program Files\Git\cmd;%MAVEN_HOME%\bin;C:\Program Files\Java\jdk-17.0.3.1\bin;C:\Users\Asus\AppData\Local\Microsoft\WindowsApps;
USERNAME=Pavel
OS=Windows_NT
PROCESSOR_IDENTIFIER=Intel64 Family 6 Model 58 Stepping 9, GenuineIntel



---------------  S Y S T E M  ---------------

OS:
 Windows 10 , 64 bit Build 19041 (10.0.19041.1741)
OS uptime: 13 days 21:23 hours

CPU: total 4 (initial active 4) (2 cores per cpu, 2 threads per core) family 6 model 58 stepping 9 microcode 0x21, cx8, cmov, fxsr, ht, mmx, sse, sse2, sse3, ssse3, sse4.1, sse4.2, popcnt, tsc, tscinvbit, avx, aes, erms, clmul, vzeroupper, clflush

Memory: 4k page, system-wide physical 8082M (2086M free)
TotalPageFile size 11659M (AvailPageFile size 2651M)
current process WorkingSet (physical memory assigned to process): 67M, peak: 67M
current process commit charge ("private bytes"): 216M, peak: 216M

vm_info: Java HotSpot(TM) 64-Bit Server VM (17.0.3.1+2-LTS-6) for windows-amd64 JRE (17.0.3.1+2-LTS-6), built on Apr 25 2022 22:04:21 by "mach5one" with MS VC++ 16.8 / 16.9 (VS2019)

END.
